<?xml version="1.0" encoding="UTF-8"?>
<!-- Generated by org.testng.reporters.JUnitReportReporter -->
<testsuite hostname="D-Manchanda" failures="0" tests="1" name="testCases.CreateCampaignPage" time="8.038" errors="0" timestamp="2024-06-11T13:48:10 IST" skipped="0">
  <testcase classname="testCases.CreateCampaignPage" name="loginVerify" time="8.038"/>
</testsuite> <!-- testCases.CreateCampaignPage -->
