<?xml version="1.0" encoding="UTF-8"?>
<!-- Generated by org.testng.reporters.JUnitReportReporter -->
<testsuite hostname="D-Manchanda" failures="0" tests="2" name="testCases.TC01_CreateCampaignPage" time="4.123" errors="0" timestamp="2024-06-14T09:33:31 IST" skipped="0">
  <testcase classname="testCases.TC01_CreateCampaignPage" name="loginVerify" time="3.700"/>
  <testcase classname="testCases.TC01_CreateCampaignPage" name="clickingCampaignNavigation" time="0.423"/>
</testsuite> <!-- testCases.TC01_CreateCampaignPage -->
