<?xml version="1.0" encoding="UTF-8"?>
<!-- Generated by org.testng.reporters.JUnitReportReporter -->
<testsuite hostname="D-Manchanda" failures="0" tests="4" name="testCases.TC02_LoginPageDataDriven" time="42.299" errors="0" timestamp="2024-07-05T14:30:58 IST" skipped="0">
  <testcase classname="testCases.TC02_LoginPageDataDriven" name="loginDataDriven" time="10.440"/>
  <testcase classname="testCases.TC02_LoginPageDataDriven" name="loginDataDriven" time="10.539"/>
  <testcase classname="testCases.TC02_LoginPageDataDriven" name="loginDataDriven" time="10.858"/>
  <testcase classname="testCases.TC02_LoginPageDataDriven" name="loginDataDriven" time="10.462"/>
</testsuite> <!-- testCases.TC02_LoginPageDataDriven -->
